Release 14.7 - xst P.20131013 (nt64)
Copyright (c) 1995-2013 Xilinx, Inc.  All rights reserved.
--> Parameter TMPDIR set to xst/projnav.tmp


Total REAL time to Xst completion: 0.00 secs
Total CPU time to Xst completion: 0.08 secs
 
--> Parameter xsthdpdir set to xst


Total REAL time to Xst completion: 0.00 secs
Total CPU time to Xst completion: 0.08 secs
 
--> Reading design: V74x148.prj

TABLE OF CONTENTS
  1) Synthesis Options Summary
  2) HDL Parsing
  3) HDL Elaboration
  4) HDL Synthesis
       4.1) HDL Synthesis Report
  5) Advanced HDL Synthesis
       5.1) Advanced HDL Synthesis Report
  6) Low Level Synthesis
  7) Partition Report
  8) Design Summary
       8.1) Primitive and Black Box Usage
       8.2) Device utilization summary
       8.3) Partition Resource Summary
       8.4) Timing Report
            8.4.1) Clock Information
            8.4.2) Asynchronous Control Signals Information
            8.4.3) Timing Summary
            8.4.4) Timing Details
            8.4.5) Cross Clock Domains Report


=========================================================================
*                      Synthesis Options Summary                        *
=========================================================================
---- Source Parameters
Input File Name                    : "V74x148.prj"
Ignore Synthesis Constraint File   : NO

---- Target Parameters
Output File Name                   : "V74x148"
Output Format                      : NGC
Target Device                      : xa7a100t-2I-csg324

---- Source Options
Top Module Name                    : V74x148
Automatic FSM Extraction           : YES
FSM Encoding Algorithm             : Auto
Safe Implementation                : No
FSM Style                          : LUT
RAM Extraction                     : Yes
RAM Style                          : Auto
ROM Extraction                     : Yes
Shift Register Extraction          : YES
ROM Style                          : Auto
Resource Sharing                   : YES
Asynchronous To Synchronous        : NO
Shift Register Minimum Size        : 2
Use DSP Block                      : Auto
Automatic Register Balancing       : No

---- Target Options
LUT Combining                      : Auto
Reduce Control Sets                : Auto
Add IO Buffers                     : YES
Global Maximum Fanout              : 100000
Add Generic Clock Buffer(BUFG)     : 32
Register Duplication               : YES
Optimize Instantiated Primitives   : NO
Use Clock Enable                   : Auto
Use Synchronous Set                : Auto
Use Synchronous Reset              : Auto
Pack IO Registers into IOBs        : Auto
Equivalent register Removal        : YES

---- General Options
Optimization Goal                  : Speed
Optimization Effort                : 1
Power Reduction                    : NO
Keep Hierarchy                     : No
Netlist Hierarchy                  : As_Optimized
RTL Output                         : Yes
Global Optimization                : AllClockNets
Read Cores                         : YES
Write Timing Constraints           : NO
Cross Clock Analysis               : NO
Hierarchy Separator                : /
Bus Delimiter                      : <>
Case Specifier                     : Maintain
Slice Utilization Ratio            : 100
BRAM Utilization Ratio             : 100
DSP48 Utilization Ratio            : 100
Auto BRAM Packing                  : NO
Slice Utilization Ratio Delta      : 5

=========================================================================


=========================================================================
*                          HDL Parsing                                  *
=========================================================================
Parsing VHDL file "C:\Users\anduser\Desktop\POCP\thirdLab\lav2_dop.vhd" into library work
Parsing entity <V74x148>.
Parsing architecture <V74x148p> of entity <v74x148>.
ERROR:HDLCompiler:806 - "C:\Users\anduser\Desktop\POCP\thirdLab\lav2_dop.vhd" Line 16: Syntax error near "'".
ERROR:HDLCompiler:935 - "C:\Users\anduser\Desktop\POCP\thirdLab\lav2_dop.vhd" Line 17: Deferred constant gs is allowed only in package declaration
ERROR:HDLCompiler:69 - "C:\Users\anduser\Desktop\POCP\thirdLab\lav2_dop.vhd" Line 25: <eo> is not declared.
ERROR:HDLCompiler:56 - "C:\Users\anduser\Desktop\POCP\thirdLab\lav2_dop.vhd" Line 26: <gs> is not a signal.
ERROR:HDLCompiler:69 - "C:\Users\anduser\Desktop\POCP\thirdLab\lav2_dop.vhd" Line 28: <eo> is not declared.
ERROR:HDLCompiler:56 - "C:\Users\anduser\Desktop\POCP\thirdLab\lav2_dop.vhd" Line 32: <gs> is not a signal.
ERROR:HDLCompiler:69 - "C:\Users\anduser\Desktop\POCP\thirdLab\lav2_dop.vhd" Line 33: <eo> is not declared.
ERROR:HDLCompiler:69 - "C:\Users\anduser\Desktop\POCP\thirdLab\lav2_dop.vhd" Line 31: <i> is not declared.
ERROR:HDLCompiler:69 - "C:\Users\anduser\Desktop\POCP\thirdLab\lav2_dop.vhd" Line 38: <eo> is not declared.
ERROR:HDLCompiler:69 - "C:\Users\anduser\Desktop\POCP\thirdLab\lav2_dop.vhd" Line 20: <eo> is not declared.
ERROR:HDLCompiler:986 - "C:\Users\anduser\Desktop\POCP\thirdLab\lav2_dop.vhd" Line 20: Sensitivity list can have only static signal name
ERROR:HDLCompiler:854 - "C:\Users\anduser\Desktop\POCP\thirdLab\lav2_dop.vhd" Line 14: Unit <v74x148p> ignored due to previous errors.
VHDL file C:\Users\anduser\Desktop\POCP\thirdLab\lav2_dop.vhd ignored due to errors
--> 

Total memory usage is 4506500 kilobytes

Number of errors   :   12 (   0 filtered)
Number of warnings :    0 (   0 filtered)
Number of infos    :    0 (   0 filtered)

