Command line:
   mux_isim_beh.exe
     -simmode  gui
     -simrunnum  0
     -socket  54819

Tue Oct 06 12:45:24 2020


 Elaboration Time: 0.046875 sec

 Current Memory Usage: 5160.56 Meg

 Total Signals          : 18
 Total Nets             : 7
 Total Signal Drivers   : 4
 Total Blocks           : 6
 Total Primitive Blocks : 5
 Total Processes        : 4
 Total Traceable Variables  : 8
 Total Scalar Nets and Variables : 367
Total Line Count : 4

 Total Simulation Time: 0.046875 sec

 Current Memory Usage: 5160.56 Meg

Tue Oct 06 12:45:32 2020

