Release 14.7 - xst P.20131013 (nt64)
Copyright (c) 1995-2013 Xilinx, Inc.  All rights reserved.
--> Parameter TMPDIR set to xst/projnav.tmp


Total REAL time to Xst completion: 0.00 secs
Total CPU time to Xst completion: 0.37 secs
 
--> Parameter xsthdpdir set to xst


Total REAL time to Xst completion: 0.00 secs
Total CPU time to Xst completion: 0.38 secs
 
--> Reading design: dop_2.prj

TABLE OF CONTENTS
  1) Synthesis Options Summary
  2) HDL Compilation
  3) Design Hierarchy Analysis
  4) HDL Analysis
  5) HDL Synthesis
     5.1) HDL Synthesis Report
  6) Advanced HDL Synthesis
     6.1) Advanced HDL Synthesis Report
  7) Low Level Synthesis
  8) Partition Report
  9) Final Report
	9.1) Device utilization summary
	9.2) Partition Resource Summary
	9.3) TIMING REPORT


=========================================================================
*                      Synthesis Options Summary                        *
=========================================================================
---- Source Parameters
Input File Name                    : "dop_2.prj"
Input Format                       : mixed
Ignore Synthesis Constraint File   : NO

---- Target Parameters
Output File Name                   : "dop_2"
Output Format                      : NGC
Target Device                      : xc4vfx12-10-ff668

---- Source Options
Top Module Name                    : dop_2
Automatic FSM Extraction           : YES
FSM Encoding Algorithm             : Auto
Safe Implementation                : No
FSM Style                          : LUT
RAM Extraction                     : Yes
RAM Style                          : Auto
ROM Extraction                     : Yes
Mux Style                          : Auto
Decoder Extraction                 : YES
Priority Encoder Extraction        : Yes
Shift Register Extraction          : YES
Logical Shifter Extraction         : YES
XOR Collapsing                     : YES
ROM Style                          : Auto
Mux Extraction                     : Yes
Resource Sharing                   : YES
Asynchronous To Synchronous        : NO
Use DSP Block                      : Auto
Automatic Register Balancing       : No

---- Target Options
Add IO Buffers                     : YES
Global Maximum Fanout              : 100000
Add Generic Clock Buffer(BUFG)     : 32
Number of Regional Clock Buffers   : 16
Register Duplication               : YES
Slice Packing                      : YES
Optimize Instantiated Primitives   : NO
Use Clock Enable                   : Auto
Use Synchronous Set                : Auto
Use Synchronous Reset              : Auto
Pack IO Registers into IOBs        : Auto
Equivalent register Removal        : YES

---- General Options
Optimization Goal                  : Speed
Optimization Effort                : 1
Power Reduction                    : NO
Keep Hierarchy                     : No
Netlist Hierarchy                  : As_Optimized
RTL Output                         : Yes
Global Optimization                : AllClockNets
Read Cores                         : YES
Write Timing Constraints           : NO
Cross Clock Analysis               : NO
Hierarchy Separator                : /
Bus Delimiter                      : <>
Case Specifier                     : Maintain
Slice Utilization Ratio            : 100
BRAM Utilization Ratio             : 100
DSP48 Utilization Ratio            : 100
Verilog 2001                       : YES
Auto BRAM Packing                  : NO
Slice Utilization Ratio Delta      : 5

=========================================================================


=========================================================================
*                          HDL Compilation                              *
=========================================================================
Compiling vhdl file "C:/Users/anduser/Desktop/POCP/control_work1/dop_2.vhd" in Library work.
ERROR:HDLParsers:3313 - "C:/Users/anduser/Desktop/POCP/control_work1/dop_2.vhd" Line 7. Undefined symbol 'std_logic_vecotr'.  Should it be: std_logic_vector?
ERROR:HDLParsers:1209 - "C:/Users/anduser/Desktop/POCP/control_work1/dop_2.vhd" Line 7. std_logic_vecotr: Undefined symbol (last report in this block)
ERROR:HDLParsers:3312 - "C:/Users/anduser/Desktop/POCP/control_work1/dop_2.vhd" Line 17. Undefined symbol 'in1'.
ERROR:HDLParsers:1209 - "C:/Users/anduser/Desktop/POCP/control_work1/dop_2.vhd" Line 17. in1: Undefined symbol (last report in this block)
ERROR:HDLParsers:3312 - "C:/Users/anduser/Desktop/POCP/control_work1/dop_2.vhd" Line 19. Undefined symbol 'out1'.
ERROR:HDLParsers:1209 - "C:/Users/anduser/Desktop/POCP/control_work1/dop_2.vhd" Line 20. out1: Undefined symbol (last report in this block)
WARNING:HDLParsers:1406 - "C:/Users/anduser/Desktop/POCP/control_work1/dop_2.vhd" Line 17. No sensitivity list and no wait in the process
--> 

Total memory usage is 4520048 kilobytes

Number of errors   :    6 (   0 filtered)
Number of warnings :    1 (   0 filtered)
Number of infos    :    0 (   0 filtered)

