Release 14.7 - xst P.20131013 (nt64)
Copyright (c) 1995-2013 Xilinx, Inc.  All rights reserved.
--> Parameter TMPDIR set to xst/projnav.tmp


Total REAL time to Xst completion: 0.00 secs
Total CPU time to Xst completion: 0.10 secs
 
--> Parameter xsthdpdir set to xst


Total REAL time to Xst completion: 0.00 secs
Total CPU time to Xst completion: 0.10 secs
 
--> Reading design: N1_Struct.prj

TABLE OF CONTENTS
  1) Synthesis Options Summary
  2) HDL Parsing
  3) HDL Elaboration
  4) HDL Synthesis
       4.1) HDL Synthesis Report
  5) Advanced HDL Synthesis
       5.1) Advanced HDL Synthesis Report
  6) Low Level Synthesis
  7) Partition Report
  8) Design Summary
       8.1) Primitive and Black Box Usage
       8.2) Device utilization summary
       8.3) Partition Resource Summary
       8.4) Timing Report
            8.4.1) Clock Information
            8.4.2) Asynchronous Control Signals Information
            8.4.3) Timing Summary
            8.4.4) Timing Details
            8.4.5) Cross Clock Domains Report


=========================================================================
*                      Synthesis Options Summary                        *
=========================================================================
---- Source Parameters
Input File Name                    : "N1_Struct.prj"
Ignore Synthesis Constraint File   : NO

---- Target Parameters
Output File Name                   : "N1_Struct"
Output Format                      : NGC
Target Device                      : xa7a100t-2I-csg324

---- Source Options
Top Module Name                    : N1_Struct
Automatic FSM Extraction           : YES
FSM Encoding Algorithm             : Auto
Safe Implementation                : No
FSM Style                          : LUT
RAM Extraction                     : Yes
RAM Style                          : Auto
ROM Extraction                     : Yes
Shift Register Extraction          : YES
ROM Style                          : Auto
Resource Sharing                   : YES
Asynchronous To Synchronous        : NO
Shift Register Minimum Size        : 2
Use DSP Block                      : Auto
Automatic Register Balancing       : No

---- Target Options
LUT Combining                      : Auto
Reduce Control Sets                : Auto
Add IO Buffers                     : YES
Global Maximum Fanout              : 100000
Add Generic Clock Buffer(BUFG)     : 32
Register Duplication               : YES
Optimize Instantiated Primitives   : NO
Use Clock Enable                   : Auto
Use Synchronous Set                : Auto
Use Synchronous Reset              : Auto
Pack IO Registers into IOBs        : Auto
Equivalent register Removal        : YES

---- General Options
Optimization Goal                  : Speed
Optimization Effort                : 1
Power Reduction                    : NO
Keep Hierarchy                     : No
Netlist Hierarchy                  : As_Optimized
RTL Output                         : Yes
Global Optimization                : AllClockNets
Read Cores                         : YES
Write Timing Constraints           : NO
Cross Clock Analysis               : NO
Hierarchy Separator                : /
Bus Delimiter                      : <>
Case Specifier                     : Maintain
Slice Utilization Ratio            : 100
BRAM Utilization Ratio             : 100
DSP48 Utilization Ratio            : 100
Auto BRAM Packing                  : NO
Slice Utilization Ratio Delta      : 5

=========================================================================


=========================================================================
*                          HDL Parsing                                  *
=========================================================================
Parsing VHDL file "C:\Users\anduser\Desktop\POCP\Control2\task_2.vhd" into library work
Parsing entity <N1>.
Parsing architecture <Behavioral> of entity <n1>.
Parsing VHDL file "C:\Users\anduser\Desktop\POCP\Control2\task1.vhd" into library work
Parsing entity <N1_Struct>.
Parsing architecture <Structural> of entity <n1_struct>.

=========================================================================
*                            HDL Elaboration                            *
=========================================================================

Elaborating entity <N1_Struct> (architecture <Structural>) from library <work>.

Elaborating entity <N1> (architecture <Behavioral>) from library <work>.
WARNING:HDLCompiler:92 - "C:\Users\anduser\Desktop\POCP\Control2\task_2.vhd" Line 18: temp should be on the sensitivity list of the process

=========================================================================
*                           HDL Synthesis                               *
=========================================================================

Synthesizing Unit <N1_Struct>.
    Related source file is "C:\Users\anduser\Desktop\POCP\Control2\task1.vhd".
    Summary:
	no macro.
Unit <N1_Struct> synthesized.

Synthesizing Unit <N1>.
    Related source file is "C:\Users\anduser\Desktop\POCP\Control2\task_2.vhd".
WARNING:Xst:737 - Found 1-bit latch for signal <temp>. Latches may be generated from incomplete case or if statements. We do not recommend the use of latches in FPGA/CPLD designs, as they may lead to timing problems.
    Summary:
	inferred   1 Latch(s).
Unit <N1> synthesized.

=========================================================================
HDL Synthesis Report

Macro Statistics
# Latches                                              : 1
 1-bit latch                                           : 1
# Xors                                                 : 1
 1-bit xor2                                            : 1

=========================================================================

=========================================================================
*                       Advanced HDL Synthesis                          *
=========================================================================

WARNING:Xst - The specified part-type was not generated at build time. XST is loading the full part-type and will therefore consume more CPU and memory.
Loading device for application Rf_Device from file '7a100t.nph' in environment C:\Xilinx\14.7\ISE_DS\ISE\.
Loading device for application Rf_Device from file '7a100t.nph' in environment C:\Xilinx\14.7\ISE_DS\ISE\.

=========================================================================
Advanced HDL Synthesis Report

Macro Statistics
# Xors                                                 : 1
 1-bit xor2                                            : 1

=========================================================================

=========================================================================
*                         Low Level Synthesis                           *
=========================================================================

Optimizing unit <N1_Struct> ...

Mapping all equations...
Building and optimizing final netlist ...
Found area constraint ratio of 100 (+ 5) on block N1_Struct, actual ratio is 0.
Latch U1/temp has been replicated 1 time(s) to handle iob=true attribute.

Final Macro Processing ...

=========================================================================
Final Register Report

Found no macro
=========================================================================

=========================================================================
*                           Partition Report                            *
=========================================================================

Partition Implementation Status
-------------------------------

  No Partitions were found in this design.

-------------------------------

=========================================================================
*                            Design Summary                             *
=========================================================================

Top Level Output File Name         : N1_Struct.ngc

Primitive and Black Box Usage:
------------------------------
# BELS                             : 1
#      LUT2                        : 1
# FlipFlops/Latches                : 2
#      LD                          : 2
# IO Buffers                       : 2
#      IBUF                        : 1
#      OBUF                        : 1

Device utilization summary:
---------------------------

Selected Device : xa7a100tcsg324-2i 


Slice Logic Utilization: 
 Number of Slice Registers:               1  out of  126800     0%  
 Number of Slice LUTs:                    1  out of  63400     0%  
    Number used as Logic:                 1  out of  63400     0%  

Slice Logic Distribution: 
 Number of LUT Flip Flop pairs used:      2
   Number with an unused Flip Flop:       1  out of      2    50%  
   Number with an unused LUT:             1  out of      2    50%  
   Number of fully used LUT-FF pairs:     0  out of      2     0%  
   Number of unique control sets:         1

IO Utilization: 
 Number of IOs:                           2
 Number of bonded IOBs:                   2  out of    210     0%  
    IOB Flip Flops/Latches:               1

Specific Feature Utilization:

---------------------------
Partition Resource Summary:
---------------------------

  No Partitions were found in this design.

---------------------------


=========================================================================
Timing Report

NOTE: THESE TIMING NUMBERS ARE ONLY A SYNTHESIS ESTIMATE.
      FOR ACCURATE TIMING INFORMATION PLEASE REFER TO THE TRACE REPORT
      GENERATED AFTER PLACE-and-ROUTE.

Clock Information:
------------------
--------------------------------------------------+------------------------+-------+
Clock Signal                                      | Clock buffer(FF name)  | Load  |
--------------------------------------------------+------------------------+-------+
U1/D_temp_XOR_1_o(U1/Mxor_D_temp_XOR_1_o_xo<0>1:O)| NONE(*)(U1/temp)       | 2     |
--------------------------------------------------+------------------------+-------+
(*) This 1 clock signal(s) are generated by combinatorial logic,
and XST is not able to identify which are the primary clock signals.
Please use the CLOCK_SIGNAL constraint to specify the clock signal(s) generated by combinatorial logic.
INFO:Xst:2169 - HDL ADVISOR - Some clock signals were not automatically buffered by XST with BUFG/BUFR resources. Please use the buffer_type constraint in order to insert these buffers to the clock signals to help prevent skew problems.

Asynchronous Control Signals Information:
----------------------------------------
No asynchronous control signals found in this design

Timing Summary:
---------------
Speed Grade: -2

   Minimum period: No path found
   Minimum input arrival time before clock: 0.352ns
   Maximum output required time after clock: 0.811ns
   Maximum combinational path delay: No path found

Timing Details:
---------------
All values displayed in nanoseconds (ns)

=========================================================================
Timing constraint: Default OFFSET IN BEFORE for Clock 'U1/D_temp_XOR_1_o'
  Total number of paths / destination ports: 2 / 2
-------------------------------------------------------------------------
Offset:              0.352ns (Levels of Logic = 1)
  Source:            X (PAD)
  Destination:       U1/temp (LATCH)
  Destination Clock: U1/D_temp_XOR_1_o falling

  Data Path: X to U1/temp
                                Gate     Net
    Cell:in->out      fanout   Delay   Delay  Logical Name (Net Name)
    ----------------------------------------  ------------
     IBUF:I->O             3   0.001   0.351  X_IBUF (X_IBUF)
     LD:D                     -0.028          U1/temp
    ----------------------------------------
    Total                      0.352ns (0.001ns logic, 0.351ns route)
                                       (0.3% logic, 99.7% route)

=========================================================================
Timing constraint: Default OFFSET OUT AFTER for Clock 'U1/D_temp_XOR_1_o'
  Total number of paths / destination ports: 1 / 1
-------------------------------------------------------------------------
Offset:              0.811ns (Levels of Logic = 1)
  Source:            U1/temp_1 (LATCH)
  Destination:       Z (PAD)
  Source Clock:      U1/D_temp_XOR_1_o falling

  Data Path: U1/temp_1 to Z
                                Gate     Net
    Cell:in->out      fanout   Delay   Delay  Logical Name (Net Name)
    ----------------------------------------  ------------
     LD:G->Q               1   0.472   0.339  U1/temp_1 (U1/temp_1)
     OBUF:I->O                 0.000          Z_OBUF (Z)
    ----------------------------------------
    Total                      0.811ns (0.472ns logic, 0.339ns route)
                                       (58.2% logic, 41.8% route)

=========================================================================

Cross Clock Domains Report:
--------------------------

=========================================================================


Total REAL time to Xst completion: 28.00 secs
Total CPU time to Xst completion: 28.60 secs
 
--> 

Total memory usage is 5071476 kilobytes

Number of errors   :    0 (   0 filtered)
Number of warnings :    3 (   0 filtered)
Number of infos    :    1 (   0 filtered)

