Command line:
   tb_task4_mux_beh_isim_beh.exe
     -simmode  gui
     -simrunnum  0
     -socket  51524

Sat Oct 17 14:38:35 2020


 Elaboration Time: 0.109375 sec

 Current Memory Usage: 5164.83 Meg

 Total Signals          : 9
 Total Nets             : 7
 Total Signal Drivers   : 5
 Total Blocks           : 4
 Total Primitive Blocks : 3
 Total Processes        : 5
 Total Traceable Variables  : 14
 Total Scalar Nets and Variables : 491

** Failure:End of simulation
User(VHDL) Code Called Simulation Stop
In process tb_task4_mux_beh.vhd:stim_proc 
 


 Total Simulation Time: 0.234375 sec

 Current Memory Usage: 5479.4 Meg

Sat Oct 17 14:39:12 2020

