Running: C:\Xilinx\14.7\ISE_DS\ISE\bin\nt64\unwrapped\fuse.exe -intstyle ise -incremental -lib secureip -o C:/Users/anduser/Desktop/POCP/secondLab/tb_task4_demux_struc_isim_beh.exe -prj C:/Users/anduser/Desktop/POCP/secondLab/tb_task4_demux_struc_beh.prj work.tb_task4_demux_struc 
ISim P.20131013 (signature 0x7708f090)
Number of CPUs detected in this system: 8
Turning on mult-threading, number of parallel sub-compilation jobs: 16 
Determining compilation order of HDL files
Parsing VHDL file "C:/Users/anduser/Desktop/POCP/secondLab/AND3.vhd" into library work
Parsing VHDL file "C:/Users/anduser/Desktop/POCP/secondLab/task4_demux_struc.vhd" into library work
Parsing VHDL file "C:/Users/anduser/Desktop/POCP/secondLab/tb_task4_demux_struc.vhd" into library work
Starting static elaboration
Completed static elaboration
Compiling package standard
Compiling package std_logic_1164
Compiling package numeric_std
Compiling architecture behavioral of entity AND3 [and3_default]
Compiling architecture structural of entity task4_demux_struc [task4_demux_struc_default]
Compiling architecture behavior of entity tb_task4_demux_struc
Time Resolution for simulation is 1ps.
Compiled 8 VHDL Units
Built simulation executable C:/Users/anduser/Desktop/POCP/secondLab/tb_task4_demux_struc_isim_beh.exe
Fuse Memory Usage: 35620 KB
Fuse CPU Usage: 468 ms
