Running: C:\Xilinx\14.7\ISE_DS\ISE\bin\nt64\unwrapped\fuse.exe -intstyle ise -incremental -lib secureip -o C:/Users/anduser/Desktop/POCP/lab_rab_4/tbN3_6_isim_beh.exe -prj C:/Users/anduser/Desktop/POCP/lab_rab_4/tbN3_6_beh.prj work.tbN3_6 
ISim P.20131013 (signature 0x7708f090)
Number of CPUs detected in this system: 8
Turning on mult-threading, number of parallel sub-compilation jobs: 16 
Determining compilation order of HDL files
Parsing VHDL file "C:/Users/anduser/Desktop/POCP/lab_rab_4/N3_6.vhd" into library work
Parsing VHDL file "C:/Users/anduser/Desktop/POCP/lab_rab_4/tbN3_6.vhd" into library work
Starting static elaboration
Completed static elaboration
Compiling package standard
Compiling package std_logic_1164
Compiling package numeric_std
Compiling package vcomponents
Compiling architecture behavioral of entity N3_6 [\N3_6(4,1)\]
Compiling architecture behavior of entity tbn3_6
Time Resolution for simulation is 1ps.
Compiled 7 VHDL Units
Built simulation executable C:/Users/anduser/Desktop/POCP/lab_rab_4/tbN3_6_isim_beh.exe
Fuse Memory Usage: 49664 KB
Fuse CPU Usage: 624 ms
