Release 14.7 - xst P.20131013 (nt64)
Copyright (c) 1995-2013 Xilinx, Inc.  All rights reserved.
--> Parameter TMPDIR set to xst/projnav.tmp


Total REAL time to Xst completion: 0.00 secs
Total CPU time to Xst completion: 0.13 secs
 
--> Parameter xsthdpdir set to xst


Total REAL time to Xst completion: 0.00 secs
Total CPU time to Xst completion: 0.13 secs
 
--> Reading design: N2.prj

TABLE OF CONTENTS
  1) Synthesis Options Summary
  2) HDL Parsing
  3) HDL Elaboration
  4) HDL Synthesis
       4.1) HDL Synthesis Report
  5) Advanced HDL Synthesis
       5.1) Advanced HDL Synthesis Report
  6) Low Level Synthesis
  7) Partition Report
  8) Design Summary
       8.1) Primitive and Black Box Usage
       8.2) Device utilization summary
       8.3) Partition Resource Summary
       8.4) Timing Report
            8.4.1) Clock Information
            8.4.2) Asynchronous Control Signals Information
            8.4.3) Timing Summary
            8.4.4) Timing Details
            8.4.5) Cross Clock Domains Report


=========================================================================
*                      Synthesis Options Summary                        *
=========================================================================
---- Source Parameters
Input File Name                    : "N2.prj"
Ignore Synthesis Constraint File   : NO

---- Target Parameters
Output File Name                   : "N2"
Output Format                      : NGC
Target Device                      : xc7k325t-2-ffg900

---- Source Options
Top Module Name                    : N2
Automatic FSM Extraction           : YES
FSM Encoding Algorithm             : Auto
Safe Implementation                : No
FSM Style                          : LUT
RAM Extraction                     : Yes
RAM Style                          : Auto
ROM Extraction                     : Yes
Shift Register Extraction          : YES
ROM Style                          : Auto
Resource Sharing                   : YES
Asynchronous To Synchronous        : NO
Shift Register Minimum Size        : 2
Use DSP Block                      : Auto
Automatic Register Balancing       : No

---- Target Options
LUT Combining                      : Auto
Reduce Control Sets                : Auto
Add IO Buffers                     : YES
Global Maximum Fanout              : 100000
Add Generic Clock Buffer(BUFG)     : 32
Register Duplication               : YES
Optimize Instantiated Primitives   : NO
Use Clock Enable                   : Auto
Use Synchronous Set                : Auto
Use Synchronous Reset              : Auto
Pack IO Registers into IOBs        : Auto
Equivalent register Removal        : YES

---- General Options
Optimization Goal                  : Speed
Optimization Effort                : 1
Power Reduction                    : NO
Keep Hierarchy                     : No
Netlist Hierarchy                  : As_Optimized
RTL Output                         : Yes
Global Optimization                : AllClockNets
Read Cores                         : YES
Write Timing Constraints           : NO
Cross Clock Analysis               : NO
Hierarchy Separator                : /
Bus Delimiter                      : <>
Case Specifier                     : Maintain
Slice Utilization Ratio            : 100
BRAM Utilization Ratio             : 100
DSP48 Utilization Ratio            : 100
Auto BRAM Packing                  : NO
Slice Utilization Ratio Delta      : 5

=========================================================================


=========================================================================
*                          HDL Parsing                                  *
=========================================================================
Parsing VHDL file "C:\Users\anduser\Desktop\POCP\lab_rab_4\FF_Enable_CLR.vhd" into library work
Parsing entity <FF_Enable_CLR>.
Parsing architecture <Behavioral> of entity <ff_enable_clr>.
Parsing VHDL file "C:\Users\anduser\Desktop\POCP\lab_rab_4\N2.vhd" into library work
Parsing entity <N2>.
Parsing architecture <Behavioral> of entity <n2>.
Parsing architecture <Structual> of entity <n2>.

=========================================================================
*                            HDL Elaboration                            *
=========================================================================

Elaborating entity <N2> (architecture <Structual>) with generics from library <work>.

Elaborating entity <FF_Enable_CLR> (architecture <Behavioral>) from library <work>.

=========================================================================
*                           HDL Synthesis                               *
=========================================================================

Synthesizing Unit <N2>.
    Related source file is "C:\Users\anduser\Desktop\POCP\lab_rab_4\N2.vhd".
        N = 3
    Summary:
	no macro.
Unit <N2> synthesized.

Synthesizing Unit <FF_Enable_CLR>.
    Related source file is "C:\Users\anduser\Desktop\POCP\lab_rab_4\FF_Enable_CLR.vhd".
    Found 1-bit register for signal <dopD>.
    Summary:
	inferred   1 D-type flip-flop(s).
Unit <FF_Enable_CLR> synthesized.

=========================================================================
HDL Synthesis Report

Macro Statistics
# Registers                                            : 4
 1-bit register                                        : 4

=========================================================================

=========================================================================
*                       Advanced HDL Synthesis                          *
=========================================================================


=========================================================================
Advanced HDL Synthesis Report

Macro Statistics
# Registers                                            : 4
 Flip-Flops                                            : 4

=========================================================================

=========================================================================
*                         Low Level Synthesis                           *
=========================================================================

Optimizing unit <N2> ...

Mapping all equations...
Building and optimizing final netlist ...
Found area constraint ratio of 100 (+ 5) on block N2, actual ratio is 0.
FlipFlop E1/dopD has been replicated 1 time(s) to handle iob=true attribute.

Final Macro Processing ...

=========================================================================
Final Register Report

Macro Statistics
# Registers                                            : 5
 Flip-Flops                                            : 5

=========================================================================

=========================================================================
*                           Partition Report                            *
=========================================================================

Partition Implementation Status
-------------------------------

  No Partitions were found in this design.

-------------------------------

=========================================================================
*                            Design Summary                             *
=========================================================================

Top Level Output File Name         : N2.ngc

Primitive and Black Box Usage:
------------------------------
# FlipFlops/Latches                : 5
#      FDCE                        : 5
# Clock Buffers                    : 1
#      BUFGP                       : 1
# IO Buffers                       : 7
#      IBUF                        : 3
#      OBUF                        : 4

Device utilization summary:
---------------------------

Selected Device : 7k325tffg900-2 


Slice Logic Utilization: 
 Number of Slice Registers:               4  out of  407600     0%  

Slice Logic Distribution: 
 Number of LUT Flip Flop pairs used:      4
   Number with an unused Flip Flop:       0  out of      4     0%  
   Number with an unused LUT:             4  out of      4   100%  
   Number of fully used LUT-FF pairs:     0  out of      4     0%  
   Number of unique control sets:         1

IO Utilization: 
 Number of IOs:                           8
 Number of bonded IOBs:                   8  out of    500     1%  
    IOB Flip Flops/Latches:               1

Specific Feature Utilization:
 Number of BUFG/BUFGCTRLs:                1  out of     32     3%  

---------------------------
Partition Resource Summary:
---------------------------

  No Partitions were found in this design.

---------------------------


=========================================================================
Timing Report

NOTE: THESE TIMING NUMBERS ARE ONLY A SYNTHESIS ESTIMATE.
      FOR ACCURATE TIMING INFORMATION PLEASE REFER TO THE TRACE REPORT
      GENERATED AFTER PLACE-and-ROUTE.

Clock Information:
------------------
-----------------------------------+------------------------+-------+
Clock Signal                       | Clock buffer(FF name)  | Load  |
-----------------------------------+------------------------+-------+
CLK                                | BUFGP                  | 5     |
-----------------------------------+------------------------+-------+

Asynchronous Control Signals Information:
----------------------------------------
No asynchronous control signals found in this design

Timing Summary:
---------------
Speed Grade: -2

   Minimum period: 0.580ns (Maximum Frequency: 1723.395MHz)
   Minimum input arrival time before clock: 0.626ns
   Maximum output required time after clock: 0.580ns
   Maximum combinational path delay: No path found

Timing Details:
---------------
All values displayed in nanoseconds (ns)

=========================================================================
Timing constraint: Default period analysis for Clock 'CLK'
  Clock period: 0.580ns (frequency: 1723.395MHz)
  Total number of paths / destination ports: 3 / 3
-------------------------------------------------------------------------
Delay:               0.580ns (Levels of Logic = 0)
  Source:            E2[1].E3/dopD (FF)
  Destination:       E2[0].E3/dopD (FF)
  Source Clock:      CLK rising
  Destination Clock: CLK rising

  Data Path: E2[1].E3/dopD to E2[0].E3/dopD
                                Gate     Net
    Cell:in->out      fanout   Delay   Delay  Logical Name (Net Name)
    ----------------------------------------  ------------
     FDCE:C->Q             2   0.236   0.344  E2[1].E3/dopD (E2[1].E3/dopD)
     FDCE:D                   -0.000          E2[0].E3/dopD
    ----------------------------------------
    Total                      0.580ns (0.236ns logic, 0.344ns route)
                                       (40.7% logic, 59.3% route)

=========================================================================
Timing constraint: Default OFFSET IN BEFORE for Clock 'CLK'
  Total number of paths / destination ports: 12 / 12
-------------------------------------------------------------------------
Offset:              0.626ns (Levels of Logic = 1)
  Source:            RST (PAD)
  Destination:       E2[0].E3/dopD (FF)
  Destination Clock: CLK rising

  Data Path: RST to E2[0].E3/dopD
                                Gate     Net
    Cell:in->out      fanout   Delay   Delay  Logical Name (Net Name)
    ----------------------------------------  ------------
     IBUF:I->O             5   0.000   0.362  RST_IBUF (RST_IBUF)
     FDCE:CLR                  0.264          E2[0].E3/dopD
    ----------------------------------------
    Total                      0.626ns (0.264ns logic, 0.362ns route)
                                       (42.2% logic, 57.8% route)

=========================================================================
Timing constraint: Default OFFSET OUT AFTER for Clock 'CLK'
  Total number of paths / destination ports: 4 / 4
-------------------------------------------------------------------------
Offset:              0.580ns (Levels of Logic = 1)
  Source:            E2[2].E3/dopD (FF)
  Destination:       Q<2> (PAD)
  Source Clock:      CLK rising

  Data Path: E2[2].E3/dopD to Q<2>
                                Gate     Net
    Cell:in->out      fanout   Delay   Delay  Logical Name (Net Name)
    ----------------------------------------  ------------
     FDCE:C->Q             2   0.236   0.344  E2[2].E3/dopD (E2[2].E3/dopD)
     OBUF:I->O                 0.000          Q_2_OBUF (Q<2>)
    ----------------------------------------
    Total                      0.580ns (0.236ns logic, 0.344ns route)
                                       (40.7% logic, 59.3% route)

=========================================================================

Cross Clock Domains Report:
--------------------------

Clock to Setup on destination clock CLK
---------------+---------+---------+---------+---------+
               | Src:Rise| Src:Fall| Src:Rise| Src:Fall|
Source Clock   |Dest:Rise|Dest:Rise|Dest:Fall|Dest:Fall|
---------------+---------+---------+---------+---------+
CLK            |    0.580|         |         |         |
---------------+---------+---------+---------+---------+

=========================================================================


Total REAL time to Xst completion: 8.00 secs
Total CPU time to Xst completion: 8.02 secs
 
--> 

Total memory usage is 4642336 kilobytes

Number of errors   :    0 (   0 filtered)
Number of warnings :    0 (   0 filtered)
Number of infos    :    0 (   0 filtered)

