Command line:
   task4_mux_struc_isim_beh.exe
     -simmode  gui
     -simrunnum  0
     -socket  53670

Thu Sep 24 14:47:37 2020


 Elaboration Time: 0.03125 sec

 Current Memory Usage: 5160.51 Meg

 Total Signals          : 18
 Total Nets             : 7
 Total Signal Drivers   : 4
 Total Blocks           : 6
 Total Primitive Blocks : 5
 Total Processes        : 4
 Total Traceable Variables  : 8
 Total Scalar Nets and Variables : 367
Total Line Count : 4

 Total Simulation Time: 0.046875 sec

 Current Memory Usage: 5160.51 Meg

Thu Sep 24 14:47:49 2020

